Build started 2014-01-11 16:34:16.
     1>Project "D:\Projects\Laboratorium widzenia komputerowego\Money\Money\Money.vcxproj" on node 2 (Build target(s)).
     1>ClCompile:
         C:\Program Files (x86)\Microsoft Visual Studio 11.0\VC\bin\CL.exe /c /ID:\OpenCV\Build\x86\vc11\include /ID:\OpenCV\include /ID:\OpenCV\build\x86\vc11\include /ZI /nologo /W3 /WX- /Od /Oy- /D WIN32 /D _DEBUG /D _CONSOLE /D _UNICODE /D UNICODE /Gm /EHsc /RTC1 /MDd /GS /fp:precise /Zc:wchar_t /Zc:forScope /Fo"Debug\\" /Fd"Debug\vc110.pdb" /Gd /TP /analyze- /errorReport:prompt main.cpp
         main.cpp
     1>d:\projects\laboratorium widzenia komputerowego\money\money\main.cpp(38): warning C4018: '<' : signed/unsigned mismatch
     1>d:\projects\laboratorium widzenia komputerowego\money\money\main.cpp(89): warning C4018: '<' : signed/unsigned mismatch
       Link:
         C:\Program Files (x86)\Microsoft Visual Studio 11.0\VC\bin\link.exe /ERRORREPORT:PROMPT /OUT:"D:\Projects\Laboratorium widzenia komputerowego\Money\Debug\Money.exe" /INCREMENTAL /NOLOGO /LIBPATH:D:\OpenCV\Build\x86\vc11\lib /LIBPATH:D:\OpenCV\build\x86\vc11\lib opencv_core246d.lib opencv_imgproc246d.lib opencv_highgui246d.lib opencv_ml246d.lib opencv_video246d.lib opencv_features2d246d.lib opencv_calib3d246d.lib opencv_objdetect246d.lib opencv_contrib246d.lib opencv_legacy246d.lib opencv_flann246d.lib kernel32.lib user32.lib gdi32.lib winspool.lib comdlg32.lib advapi32.lib shell32.lib ole32.lib oleaut32.lib uuid.lib odbc32.lib odbccp32.lib /MANIFEST /MANIFESTUAC:"level='asInvoker' uiAccess='false'" /manifest:embed /DEBUG /PDB:"D:\Projects\Laboratorium widzenia komputerowego\Money\Debug\Money.pdb" /SUBSYSTEM:CONSOLE /TLBID:1 /DYNAMICBASE /NXCOMPAT /IMPLIB:"D:\Projects\Laboratorium widzenia komputerowego\Money\Debug\Money.lib" /MACHINE:X86 Debug\CameraEffect.obj
         Debug\Coin.obj
         Debug\Database.obj
         Debug\FiltrCanny.obj
         Debug\FiltrHough.obj
         Debug\FiltrLaplace.obj
         Debug\FiltrSobel.obj
         Debug\main.obj
         Debug\ShowEffect.obj
         Money.vcxproj -> D:\Projects\Laboratorium widzenia komputerowego\Money\Debug\Money.exe
     1>Done Building Project "D:\Projects\Laboratorium widzenia komputerowego\Money\Money\Money.vcxproj" (Build target(s)).

Build succeeded.

Time Elapsed 00:00:02.58
